#
# A fatal error has been detected by the Java Runtime Environment:
#
#  EXCEPTION_ACCESS_VIOLATION (0xc0000005) at pc=0x00007ff83e0dbeca, pid=2640, tid=11768
#
# JRE version: Java(TM) SE Runtime Environment (17.0+35) (build 17+35-LTS-2724)
# Java VM: Java HotSpot(TM) 64-Bit Server VM (17+35-LTS-2724, mixed mode, sharing, tiered, compressed oops, compressed class ptrs, g1 gc, windows-amd64)
# Problematic frame:
# V  [jvm.dll+0x73beca]
#
# No core dump will be written. Minidumps are not enabled by default on client versions of Windows
#
# If you would like to submit a bug report, please visit:
#   https://bugreport.java.com/bugreport/crash.jsp
#

---------------  S U M M A R Y ------------

Command Line: -XX:+ShowCodeDetailsInExceptionMessages -agentlib:jdwp=transport=dt_socket,suspend=y,address=localhost:52100 -javaagent:C:\Users\in1dw3\eclipse\java-2022-09\eclipse\configuration\org.eclipse.osgi\228\0\.cp\lib\javaagent-shaded.jar -Dfile.encoding=UTF-8 --module-path=C:\Users\in1dw3\git\RETO4_Equipo2_DIJG2\reto4\lib\mysql-connector-java-8.0.25 (1).jar PokeZoo.PokeZoo

Host: Intel(R) Core(TM) i5-8400 CPU @ 2.80GHz, 6 cores, 15G,  Windows 10 , 64 bit Build 22621 (10.0.22621.1485)
Time: Fri Apr 28 18:58:07 2023 Hora de verano romance elapsed time: 122.245375 seconds (0d 0h 2m 2s)

---------------  T H R E A D  ---------------

Current thread (0x0000026bc1c67080):  JavaThread "JDWP Transport Listener: dt_socket" daemon [_thread_in_vm, id=11768, stack(0x000000d29bb00000,0x000000d29bc00000)]

Stack: [0x000000d29bb00000,0x000000d29bc00000],  sp=0x000000d29bbff7c0,  free space=1021k
Native frames: (J=compiled Java code, j=interpreted, Vv=VM code, C=native code)
V  [jvm.dll+0x73beca]
V  [jvm.dll+0x50476c]
V  [jvm.dll+0x4d0084]
C  [jdwp.dll+0x22e9f]


siginfo: EXCEPTION_ACCESS_VIOLATION (0xc0000005), reading address 0x0000000001300133


Register to memory mapping:

RIP=0x00007ff83e0dbeca jvm.dll
RAX=0x0000000000000131 is an unknown value
RBX=0x0000026bc0f0b647 points into unknown readable memory: 6a
RCX=0x000000000130012f is an unknown value
RDX=0x0000026bc6c67520 points into unknown readable memory: 0x6f6f5a656b6f504c | 4c 50 6f 6b 65 5a 6f 6f
RSP=0x000000d29bbff7c0 is pointing into the stack for thread: 0x0000026bc1c67080
RBP=0x0000026bc1b376d0 points into unknown readable memory: 0x0000000000000002 | 02 00 00 00 00 00 00 00
RSI=0x0 is NULL
RDI=0xffffffffffffffff is an unknown value
R8 =0x00000000000002c0 is an unknown value
R9 =0x0000000000000040 is an unknown value
R10=0x00000000000002c0 is an unknown value
R11=0x000000d29bbff7e0 is pointing into the stack for thread: 0x0000026bc1c67080
R12=0x000000d29bbff918 is pointing into the stack for thread: 0x0000026bc1c67080
R13=0x0 is NULL
R14=0x0000000800d44000 is a pointer to class: 
PokeZoo.bbdd.manager.ManagerEmployee {0x0000000800d44008}
 - instance size:     2
 - klass size:        79
 - access:            public synchronized 
 - state:             fully_initialized
 - name:              'PokeZoo/bbdd/manager/ManagerEmployee'
 - super:             'java/lang/Object'
 - sub:               
 - arrays:            NULL
 - methods:           Array<T>(0x0000026bc41061e8)
 - method ordering:   Array<T>(0x0000026bc4274618)
 - default_methods:   Array<T>(0x0000000000000000)
 - local interfaces:  Array<T>(0x0000026bc4105c88)
 - trans. interfaces: Array<T>(0x0000026bc4105c88)
 - constants:         constant pool [309] {0x0000026bc7c31798} for 'PokeZoo/bbdd/manager/ManagerEmployee' cache=0x0000026bc4433518
 - class loader data:  loader data: 0x0000026bc1a49a80 for instance a 'jdk/internal/loader/ClassLoaders$AppClassLoader'{0x0000000702600c38}
 - source file:       'ManagerEmployee.java'
 - source debug extension:       SMAP
ManagerEmployee.java
Java
*S jdt
*F
1 ManagerEmployee.java
2 file:/C:/Users/in1dw3/git/RETO4_Equipo2_DIJG2/reto4/bin/
*L
*E

 - class annotations:       Array<T>(0x0000000000000000)
 - class type annotations:  Array<T>(0x0000000000000000)
 - field annotations:       Array<T>(0x0000000000000000)
 - field type annotations:  Array<T>(0x0000000000000000)
 - generic signature: '
[error occurred during error reporting (printing register info), id 0xc0000005, EXCEPTION_ACCESS_VIOLATION (0xc0000005) at pc=0x00007ff83e0dcad6]

Registers:
RAX=0x0000000000000131, RBX=0x0000026bc0f0b647, RCX=0x000000000130012f, RDX=0x0000026bc6c67520
RSP=0x000000d29bbff7c0, RBP=0x0000026bc1b376d0, RSI=0x0000000000000000, RDI=0xffffffffffffffff
R8 =0x00000000000002c0, R9 =0x0000000000000040, R10=0x00000000000002c0, R11=0x000000d29bbff7e0
R12=0x000000d29bbff918, R13=0x0000000000000000, R14=0x0000000800d44000, R15=0x000000d29bbff968
RIP=0x00007ff83e0dbeca, EFLAGS=0x0000000000010206

Top of Stack: (sp=0x000000d29bbff7c0)
0x000000d29bbff7c0:   0000000000000024 0000000800d44000
0x000000d29bbff7d0:   0000026bc1c67080 0000000000000000
0x000000d29bbff7e0:   ffffffffffffffff 00007ff83dea476c
0x000000d29bbff7f0:   0000026bc0f0b647 0000026bc0f0b620
0x000000d29bbff800:   0000026bc1b376d0 0000026bc6c67550
0x000000d29bbff810:   0000026bc0f0b5e0 00000000000003d8
0x000000d29bbff820:   0000026bc0f0b5f0 0000026bc0f0b9c8
0x000000d29bbff830:   0000000000000002 000000d29bbff918
0x000000d29bbff840:   0000000000000000 0000000000000000
0x000000d29bbff850:   000000070fde2ca8 00007ff83de70084
0x000000d29bbff860:   0000026bc1c67080 000000d29bbff968
0x000000d29bbff870:   0000026b9c3b7120 000000d29bbff968
0x000000d29bbff880:   0000026bc1c67080 0000000000000000
0x000000d29bbff890:   0000026b00000000 0000000000000000
0x000000d29bbff8a0:   000000000000000d 00007ff87ecb2e9f
0x000000d29bbff8b0:   000000d29bbff960 00007ff87ecc1830 

Instructions: (pc=0x00007ff83e0dbeca)
0x00007ff83e0dbdca:   48 83 c4 20 5f e9 fc 87 96 ff cc cc cc cc cc cc
0x00007ff83e0dbdda:   cc cc cc cc cc cc 48 89 5c 24 08 57 48 83 ec 20
0x00007ff83e0dbdea:   83 fa 02 8d 42 06 b9 08 00 00 00 49 8b d8 0f 4e
0x00007ff83e0dbdfa:   c1 48 63 c8 48 83 c1 07 83 e1 f8 48 63 f9 49 8b
0x00007ff83e0dbe0a:   48 18 48 8b c7 48 f7 d0 48 3b c1 73 16 4c 8d 05
0x00007ff83e0dbe1a:   9a 48 17 00 48 8b d7 48 8b cb e8 07 eb 96 ff 48
0x00007ff83e0dbe2a:   8b 4b 18 48 8d 04 39 48 3b 43 20 76 18 45 33 c0
0x00007ff83e0dbe3a:   48 8b d7 48 8b cb 48 8b 5c 24 30 48 83 c4 20 5f
0x00007ff83e0dbe4a:   e9 61 e7 96 ff 48 89 43 18 48 8b c1 48 8b 5c 24
0x00007ff83e0dbe5a:   30 48 83 c4 20 5f c3 cc cc cc cc cc cc cc cc cc
0x00007ff83e0dbe6a:   cc cc cc cc cc cc 4c 8b d2 4c 8b d9 45 85 c0 7e
0x00007ff83e0dbe7a:   3c 44 0f b7 49 04 41 8d 40 ff 41 3b c1 44 0f 4c
0x00007ff83e0dbe8a:   c8 4d 63 c1 45 85 c9 7e 1f 48 8b c2 4c 2b da 49
0x00007ff83e0dbe9a:   8b d0 0f 1f 40 00 41 0f b6 4c 03 06 88 08 48 8d
0x00007ff83e0dbeaa:   40 01 48 83 ea 01 75 ee 43 c6 04 10 00 49 8b c2
0x00007ff83e0dbeba:   c3 cc cc cc cc cc 48 89 5c 24 08 57 48 83 ec 20
0x00007ff83e0dbeca:   0f b7 59 04 48 8b f9 33 d2 48 8d 4b 01 e8 14 9b
0x00007ff83e0dbeda:   f8 ff 0f b7 57 04 4c 8b c0 3b da 0f 42 d3 44 8b
0x00007ff83e0dbeea:   ca 85 d2 74 39 48 2b f8 0f 1f 40 00 66 66 0f 1f
0x00007ff83e0dbefa:   84 00 00 00 00 00 0f b6 4c 07 06 88 08 48 ff c0
0x00007ff83e0dbf0a:   48 8b c8 49 2b c8 49 3b c9 7c eb 42 c6 04 02 00
0x00007ff83e0dbf1a:   49 8b c0 48 8b 5c 24 30 48 83 c4 20 5f c3 48 8b
0x00007ff83e0dbf2a:   5c 24 30 c6 04 02 00 48 83 c4 20 5f c3 cc cc cc
0x00007ff83e0dbf3a:   cc cc cc cc cc cc 4c 8b d1 45 85 c0 7e 6c 44 0f
0x00007ff83e0dbf4a:   b7 49 04 41 8d 40 ff 41 3b c1 44 0f 4c c8 4d 63
0x00007ff83e0dbf5a:   d9 45 85 c9 7e 22 48 8b ca 4c 2b d2 4d 8b c3 0f
0x00007ff83e0dbf6a:   1f 80 00 00 00 00 41 0f b6 44 0a 06 88 01 48 8d
0x00007ff83e0dbf7a:   49 01 49 83 e8 01 75 ee 41 c6 04 13 00 48 c7 c0
0x00007ff83e0dbf8a:   ff ff ff ff 66 90 48 ff c0 80 3c 02 00 75 f7 48
0x00007ff83e0dbf9a:   63 c8 85 c0 48 8b c2 7e 14 80 38 2f 75 03 c6 00
0x00007ff83e0dbfaa:   2e 48 ff c0 48 83 e9 01 75 ef 48 8b c2 c3 cc cc
0x00007ff83e0dbfba:   cc cc cc cc cc cc 48 83 ec 28 e8 f7 fe ff ff 4c 


Stack slot to memory mapping:
stack at sp + 0 slots: 0x0000000000000024 is an unknown value
stack at sp + 1 slots: 0x0000000800d44000 is a pointer to class: 
PokeZoo.bbdd.manager.ManagerEmployee {0x0000000800d44008}
 - instance size:     2
 - klass size:        79
 - access:            public synchronized 
 - state:             fully_initialized
 - name:              'PokeZoo/bbdd/manager/ManagerEmployee'
 - super:             'java/lang/Object'
 - sub:               
 - arrays:            NULL
 - methods:           Array<T>(0x0000026bc41061e8)
 - method ordering:   Array<T>(0x0000026bc4274618)
 - default_methods:   Array<T>(0x0000000000000000)
 - local interfaces:  Array<T>(0x0000026bc4105c88)
 - trans. interfaces: Array<T>(0x0000026bc4105c88)
 - constants:         constant pool [309] {0x0000026bc7c31798} for 'PokeZoo/bbdd/manager/ManagerEmployee' cache=0x0000026bc4433518
 - class loader data:  loader data: 0x0000026bc1a49a80 for instance a 'jdk/internal/loader/ClassLoaders$AppClassLoader'{0x0000000702600c38}
 - source file:       'ManagerEmployee.java'
 - source debug extension:       SMAP
ManagerEmployee.java
Java
*S jdt
*F
1 ManagerEmployee.java
2 file:/C:/Users/in1dw3/git/RETO4_Equipo2_DIJG2/reto4/bin/
*L
*E

 - class annotations:       Array<T>(0x0000000000000000)
 - class type annotations:  Array<T>(0x0000000000000000)
 - field annotations:       Array<T>(0x0000000000000000)
 - field type annotations:  Array<T>(0x0000000000000000)
 - generic signature: '
[error occurred during error reporting (inspecting top of stack), id 0xc0000005, EXCEPTION_ACCESS_VIOLATION (0xc0000005) at pc=0x00007ff83e0dcad6]


---------------  P R O C E S S  ---------------

Threads class SMR info:
_java_thread_list=0x0000026bc6c66d40, length=21, elements={
0x0000026bc0eec9e0, 0x0000026bc0eed390, 0x0000026bc0f018e0, 0x0000026bc0f02290,
0x0000026bc0f02c40, 0x0000026bc0f04600, 0x0000026bc1938140, 0x0000026bc0f087e0,
0x0000026bc0f0a8d0, 0x0000026bc0ed7f80, 0x0000026bc1c67080, 0x0000026bc1ca7390,
0x0000026bc1c5eba0, 0x0000026bc22fc840, 0x0000026bc227e1f0, 0x0000026bc23b5410,
0x0000026bc23b5a10, 0x0000026bc24f5500, 0x0000026bc53d2650, 0x0000026bc53d2b20,
0x0000026bc53d0e40
}

Java Threads: ( => current thread )
  0x0000026bc0eec9e0 JavaThread "Reference Handler" daemon [_thread_blocked, id=7932, stack(0x000000d29b000000,0x000000d29b100000)]
  0x0000026bc0eed390 JavaThread "Finalizer" daemon [_thread_blocked, id=2096, stack(0x000000d29b100000,0x000000d29b200000)]
  0x0000026bc0f018e0 JavaThread "Signal Dispatcher" daemon [_thread_blocked, id=8288, stack(0x000000d29b200000,0x000000d29b300000)]
  0x0000026bc0f02290 JavaThread "Attach Listener" daemon [_thread_blocked, id=12152, stack(0x000000d29b300000,0x000000d29b400000)]
  0x0000026bc0f02c40 JavaThread "Service Thread" daemon [_thread_blocked, id=12848, stack(0x000000d29b400000,0x000000d29b500000)]
  0x0000026bc0f04600 JavaThread "Monitor Deflation Thread" daemon [_thread_blocked, id=4696, stack(0x000000d29b500000,0x000000d29b600000)]
  0x0000026bc1938140 JavaThread "C2 CompilerThread0" daemon [_thread_blocked, id=13560, stack(0x000000d29b600000,0x000000d29b700000)]
  0x0000026bc0f087e0 JavaThread "C1 CompilerThread0" daemon [_thread_blocked, id=13656, stack(0x000000d29b700000,0x000000d29b800000)]
  0x0000026bc0f0a8d0 JavaThread "Sweeper thread" daemon [_thread_blocked, id=96, stack(0x000000d29b800000,0x000000d29b900000)]
  0x0000026bc0ed7f80 JavaThread "Common-Cleaner" daemon [_thread_blocked, id=14224, stack(0x000000d29b900000,0x000000d29ba00000)]
=>0x0000026bc1c67080 JavaThread "JDWP Transport Listener: dt_socket" daemon [_thread_in_vm, id=11768, stack(0x000000d29bb00000,0x000000d29bc00000)]
  0x0000026bc1ca7390 JavaThread "JDWP Event Helper Thread" daemon [_thread_blocked, id=11984, stack(0x000000d29bc00000,0x000000d29bd00000)]
  0x0000026bc1c5eba0 JavaThread "JDWP Command Reader" daemon [_thread_in_native, id=9948, stack(0x000000d29bd00000,0x000000d29be00000)]
  0x0000026bc22fc840 JavaThread "Notification Thread" daemon [_thread_blocked, id=9976, stack(0x000000d29be00000,0x000000d29bf00000)]
  0x0000026bc227e1f0 JavaThread "Java2D Disposer" daemon [_thread_blocked, id=13608, stack(0x000000d29c000000,0x000000d29c100000)]
  0x0000026bc23b5410 JavaThread "AWT-Shutdown" [_thread_blocked, id=12500, stack(0x000000d29c100000,0x000000d29c200000)]
  0x0000026bc23b5a10 JavaThread "AWT-Windows" daemon [_thread_in_native, id=12604, stack(0x000000d29c200000,0x000000d29c300000)]
  0x0000026bc24f5500 JavaThread "AWT-EventQueue-0" [_thread_blocked, id=7984, stack(0x000000d29c400000,0x000000d29c500000)]
  0x0000026bc53d2650 JavaThread "DestroyJavaVM" [_thread_blocked, id=276, stack(0x000000d29a900000,0x000000d29aa00000)]
  0x0000026bc53d2b20 JavaThread "TimerQueue" daemon [_thread_blocked, id=4372, stack(0x000000d29ba00000,0x000000d29bb00000)]
  0x0000026bc53d0e40 JavaThread "mysql-cj-abandoned-connection-cleanup" daemon [_thread_blocked, id=11636, stack(0x000000d29cd00000,0x000000d29ce00000)]

Other Threads:
  0x0000026bc0ee9050 VMThread "VM Thread" [stack: 0x000000d29af00000,0x000000d29b000000] [id=4224]
  0x0000026b9e716580 WatcherThread [stack: 0x000000d29bf00000,0x000000d29c000000] [id=6496]
  0x0000026b9e6ba250 GCTaskThread "GC Thread#0" [stack: 0x000000d29aa00000,0x000000d29ab00000] [id=12384]
  0x0000026bc24cfc70 GCTaskThread "GC Thread#1" [stack: 0x000000d29c500000,0x000000d29c600000] [id=12188]
  0x0000026bc25b85a0 GCTaskThread "GC Thread#2" [stack: 0x000000d29c600000,0x000000d29c700000] [id=12368]
  0x0000026bc2638480 GCTaskThread "GC Thread#3" [stack: 0x000000d29c700000,0x000000d29c800000] [id=1360]
  0x0000026bc3098c70 GCTaskThread "GC Thread#4" [stack: 0x000000d29c800000,0x000000d29c900000] [id=7120]
  0x0000026bc253a030 GCTaskThread "GC Thread#5" [stack: 0x000000d29c900000,0x000000d29ca00000] [id=13360]
  0x0000026b9e6cafd0 ConcurrentGCThread "G1 Main Marker" [stack: 0x000000d29ab00000,0x000000d29ac00000] [id=1208]
  0x0000026b9e6cc2e0 ConcurrentGCThread "G1 Conc#0" [stack: 0x000000d29ac00000,0x000000d29ad00000] [id=13008]
  0x0000026b9e73e540 ConcurrentGCThread "G1 Refine#0" [stack: 0x000000d29ad00000,0x000000d29ae00000] [id=8468]
  0x0000026bc0da0150 ConcurrentGCThread "G1 Service" [stack: 0x000000d29ae00000,0x000000d29af00000] [id=12208]

Threads with active compile tasks:

VM state: not at safepoint (normal execution)

VM Mutex/Monitor currently owned by a thread: None

Heap address: 0x0000000701c00000, size: 4068 MB, Compressed Oops mode: Zero based, Oop shift amount: 3

CDS archive(s) mapped at: [0x0000000800000000-0x0000000800bc0000-0x0000000800bc0000), size 12320768, SharedBaseAddress: 0x0000000800000000, ArchiveRelocationMode: 0.
Compressed class space mapped at: 0x0000000800c00000-0x0000000840c00000, reserved size: 1073741824
Narrow klass base: 0x0000000800000000, Narrow klass shift: 0, Narrow klass range: 0x100000000

GC Precious Log:
 CPUs: 6 total, 6 available
 Memory: 16268M
 Large Page Support: Disabled
 NUMA Support: Disabled
 Compressed Oops: Enabled (Zero based)
 Heap Region Size: 2M
 Heap Min Capacity: 8M
 Heap Initial Capacity: 256M
 Heap Max Capacity: 4068M
 Pre-touch: Disabled
 Parallel Workers: 6
 Concurrent Workers: 2
 Concurrent Refinement Workers: 6
 Periodic GC: Disabled

Heap:
 garbage-first heap   total 262144K, used 45716K [0x0000000701c00000, 0x0000000800000000)
  region size 2048K, 17 young (34816K), 2 survivors (4096K)
 Metaspace       used 19739K, committed 20032K, reserved 1073152K
  class space    used 2189K, committed 2368K, reserved 1048576K

Heap Regions: E=young(eden), S=young(survivor), O=old, HS=humongous(starts), HC=humongous(continues), CS=collection set, F=free, OA=open archive, CA=closed archive, TAMS=top-at-mark-start (previous, next)
|   0|0x0000000701c00000, 0x0000000701e00000, 0x0000000701e00000|100%|HS|  |TAMS 0x0000000701c00000, 0x0000000701c00000| Complete 
|   1|0x0000000701e00000, 0x0000000702000000, 0x0000000702000000|100%|HC|  |TAMS 0x0000000701e00000, 0x0000000701e00000| Complete 
|   2|0x0000000702000000, 0x0000000702200000, 0x0000000702200000|100%|HS|  |TAMS 0x0000000702000000, 0x0000000702000000| Complete 
|   3|0x0000000702200000, 0x0000000702400000, 0x0000000702400000|100%|HC|  |TAMS 0x0000000702200000, 0x0000000702200000| Complete 
|   4|0x0000000702400000, 0x0000000702600000, 0x0000000702600000|100%|HS|  |TAMS 0x0000000702400000, 0x0000000702400000| Complete 
|   5|0x0000000702600000, 0x0000000702800000, 0x0000000702800000|100%| O|  |TAMS 0x0000000702600000, 0x0000000702600000| Untracked 
|   6|0x0000000702800000, 0x000000070299fe00, 0x0000000702a00000| 81%| O|  |TAMS 0x0000000702800000, 0x0000000702800000| Untracked 
|   7|0x0000000702a00000, 0x0000000702a00000, 0x0000000702c00000|  0%| F|  |TAMS 0x0000000702a00000, 0x0000000702a00000| Untracked 
|   8|0x0000000702c00000, 0x0000000702c00000, 0x0000000702e00000|  0%| F|  |TAMS 0x0000000702c00000, 0x0000000702c00000| Untracked 
|   9|0x0000000702e00000, 0x0000000702e00000, 0x0000000703000000|  0%| F|  |TAMS 0x0000000702e00000, 0x0000000702e00000| Untracked 
|  10|0x0000000703000000, 0x0000000703000000, 0x0000000703200000|  0%| F|  |TAMS 0x0000000703000000, 0x0000000703000000| Untracked 
|  11|0x0000000703200000, 0x0000000703200000, 0x0000000703400000|  0%| F|  |TAMS 0x0000000703200000, 0x0000000703200000| Untracked 
|  12|0x0000000703400000, 0x0000000703400000, 0x0000000703600000|  0%| F|  |TAMS 0x0000000703400000, 0x0000000703400000| Untracked 
|  13|0x0000000703600000, 0x0000000703600000, 0x0000000703800000|  0%| F|  |TAMS 0x0000000703600000, 0x0000000703600000| Untracked 
|  14|0x0000000703800000, 0x0000000703800000, 0x0000000703a00000|  0%| F|  |TAMS 0x0000000703800000, 0x0000000703800000| Untracked 
|  15|0x0000000703a00000, 0x0000000703a00000, 0x0000000703c00000|  0%| F|  |TAMS 0x0000000703a00000, 0x0000000703a00000| Untracked 
|  16|0x0000000703c00000, 0x0000000703c00000, 0x0000000703e00000|  0%| F|  |TAMS 0x0000000703c00000, 0x0000000703c00000| Untracked 
|  17|0x0000000703e00000, 0x0000000703e00000, 0x0000000704000000|  0%| F|  |TAMS 0x0000000703e00000, 0x0000000703e00000| Untracked 
|  18|0x0000000704000000, 0x0000000704000000, 0x0000000704200000|  0%| F|  |TAMS 0x0000000704000000, 0x0000000704000000| Untracked 
|  19|0x0000000704200000, 0x0000000704200000, 0x0000000704400000|  0%| F|  |TAMS 0x0000000704200000, 0x0000000704200000| Untracked 
|  20|0x0000000704400000, 0x0000000704400000, 0x0000000704600000|  0%| F|  |TAMS 0x0000000704400000, 0x0000000704400000| Untracked 
|  21|0x0000000704600000, 0x0000000704600000, 0x0000000704800000|  0%| F|  |TAMS 0x0000000704600000, 0x0000000704600000| Untracked 
|  22|0x0000000704800000, 0x0000000704800000, 0x0000000704a00000|  0%| F|  |TAMS 0x0000000704800000, 0x0000000704800000| Untracked 
|  23|0x0000000704a00000, 0x0000000704a00000, 0x0000000704c00000|  0%| F|  |TAMS 0x0000000704a00000, 0x0000000704a00000| Untracked 
|  24|0x0000000704c00000, 0x0000000704c00000, 0x0000000704e00000|  0%| F|  |TAMS 0x0000000704c00000, 0x0000000704c00000| Untracked 
|  25|0x0000000704e00000, 0x0000000704e00000, 0x0000000705000000|  0%| F|  |TAMS 0x0000000704e00000, 0x0000000704e00000| Untracked 
|  26|0x0000000705000000, 0x0000000705000000, 0x0000000705200000|  0%| F|  |TAMS 0x0000000705000000, 0x0000000705000000| Untracked 
|  27|0x0000000705200000, 0x0000000705200000, 0x0000000705400000|  0%| F|  |TAMS 0x0000000705200000, 0x0000000705200000| Untracked 
|  28|0x0000000705400000, 0x0000000705400000, 0x0000000705600000|  0%| F|  |TAMS 0x0000000705400000, 0x0000000705400000| Untracked 
|  29|0x0000000705600000, 0x0000000705600000, 0x0000000705800000|  0%| F|  |TAMS 0x0000000705600000, 0x0000000705600000| Untracked 
|  30|0x0000000705800000, 0x0000000705800000, 0x0000000705a00000|  0%| F|  |TAMS 0x0000000705800000, 0x0000000705800000| Untracked 
|  31|0x0000000705a00000, 0x0000000705a00000, 0x0000000705c00000|  0%| F|  |TAMS 0x0000000705a00000, 0x0000000705a00000| Untracked 
|  32|0x0000000705c00000, 0x0000000705c00000, 0x0000000705e00000|  0%| F|  |TAMS 0x0000000705c00000, 0x0000000705c00000| Untracked 
|  33|0x0000000705e00000, 0x0000000705e00000, 0x0000000706000000|  0%| F|  |TAMS 0x0000000705e00000, 0x0000000705e00000| Untracked 
|  34|0x0000000706000000, 0x0000000706000000, 0x0000000706200000|  0%| F|  |TAMS 0x0000000706000000, 0x0000000706000000| Untracked 
|  35|0x0000000706200000, 0x0000000706200000, 0x0000000706400000|  0%| F|  |TAMS 0x0000000706200000, 0x0000000706200000| Untracked 
|  36|0x0000000706400000, 0x0000000706400000, 0x0000000706600000|  0%| F|  |TAMS 0x0000000706400000, 0x0000000706400000| Untracked 
|  37|0x0000000706600000, 0x0000000706600000, 0x0000000706800000|  0%| F|  |TAMS 0x0000000706600000, 0x0000000706600000| Untracked 
|  38|0x0000000706800000, 0x0000000706800000, 0x0000000706a00000|  0%| F|  |TAMS 0x0000000706800000, 0x0000000706800000| Untracked 
|  39|0x0000000706a00000, 0x0000000706a00000, 0x0000000706c00000|  0%| F|  |TAMS 0x0000000706a00000, 0x0000000706a00000| Untracked 
|  40|0x0000000706c00000, 0x0000000706c00000, 0x0000000706e00000|  0%| F|  |TAMS 0x0000000706c00000, 0x0000000706c00000| Untracked 
|  41|0x0000000706e00000, 0x0000000706e00000, 0x0000000707000000|  0%| F|  |TAMS 0x0000000706e00000, 0x0000000706e00000| Untracked 
|  42|0x0000000707000000, 0x0000000707000000, 0x0000000707200000|  0%| F|  |TAMS 0x0000000707000000, 0x0000000707000000| Untracked 
|  43|0x0000000707200000, 0x0000000707200000, 0x0000000707400000|  0%| F|  |TAMS 0x0000000707200000, 0x0000000707200000| Untracked 
|  44|0x0000000707400000, 0x0000000707400000, 0x0000000707600000|  0%| F|  |TAMS 0x0000000707400000, 0x0000000707400000| Untracked 
|  45|0x0000000707600000, 0x0000000707600000, 0x0000000707800000|  0%| F|  |TAMS 0x0000000707600000, 0x0000000707600000| Untracked 
|  46|0x0000000707800000, 0x0000000707800000, 0x0000000707a00000|  0%| F|  |TAMS 0x0000000707800000, 0x0000000707800000| Untracked 
|  47|0x0000000707a00000, 0x0000000707a00000, 0x0000000707c00000|  0%| F|  |TAMS 0x0000000707a00000, 0x0000000707a00000| Untracked 
|  48|0x0000000707c00000, 0x0000000707c00000, 0x0000000707e00000|  0%| F|  |TAMS 0x0000000707c00000, 0x0000000707c00000| Untracked 
|  49|0x0000000707e00000, 0x0000000707e00000, 0x0000000708000000|  0%| F|  |TAMS 0x0000000707e00000, 0x0000000707e00000| Untracked 
|  50|0x0000000708000000, 0x0000000708000000, 0x0000000708200000|  0%| F|  |TAMS 0x0000000708000000, 0x0000000708000000| Untracked 
|  51|0x0000000708200000, 0x0000000708200000, 0x0000000708400000|  0%| F|  |TAMS 0x0000000708200000, 0x0000000708200000| Untracked 
|  52|0x0000000708400000, 0x0000000708400000, 0x0000000708600000|  0%| F|  |TAMS 0x0000000708400000, 0x0000000708400000| Untracked 
|  53|0x0000000708600000, 0x0000000708600000, 0x0000000708800000|  0%| F|  |TAMS 0x0000000708600000, 0x0000000708600000| Untracked 
|  54|0x0000000708800000, 0x0000000708800000, 0x0000000708a00000|  0%| F|  |TAMS 0x0000000708800000, 0x0000000708800000| Untracked 
|  55|0x0000000708a00000, 0x0000000708a00000, 0x0000000708c00000|  0%| F|  |TAMS 0x0000000708a00000, 0x0000000708a00000| Untracked 
|  56|0x0000000708c00000, 0x0000000708c00000, 0x0000000708e00000|  0%| F|  |TAMS 0x0000000708c00000, 0x0000000708c00000| Untracked 
|  57|0x0000000708e00000, 0x0000000708e00000, 0x0000000709000000|  0%| F|  |TAMS 0x0000000708e00000, 0x0000000708e00000| Untracked 
|  58|0x0000000709000000, 0x0000000709000000, 0x0000000709200000|  0%| F|  |TAMS 0x0000000709000000, 0x0000000709000000| Untracked 
|  59|0x0000000709200000, 0x0000000709200000, 0x0000000709400000|  0%| F|  |TAMS 0x0000000709200000, 0x0000000709200000| Untracked 
|  60|0x0000000709400000, 0x0000000709400000, 0x0000000709600000|  0%| F|  |TAMS 0x0000000709400000, 0x0000000709400000| Untracked 
|  61|0x0000000709600000, 0x0000000709600000, 0x0000000709800000|  0%| F|  |TAMS 0x0000000709600000, 0x0000000709600000| Untracked 
|  62|0x0000000709800000, 0x0000000709800000, 0x0000000709a00000|  0%| F|  |TAMS 0x0000000709800000, 0x0000000709800000| Untracked 
|  63|0x0000000709a00000, 0x0000000709a00000, 0x0000000709c00000|  0%| F|  |TAMS 0x0000000709a00000, 0x0000000709a00000| Untracked 
|  64|0x0000000709c00000, 0x0000000709c00000, 0x0000000709e00000|  0%| F|  |TAMS 0x0000000709c00000, 0x0000000709c00000| Untracked 
|  65|0x0000000709e00000, 0x0000000709e00000, 0x000000070a000000|  0%| F|  |TAMS 0x0000000709e00000, 0x0000000709e00000| Untracked 
|  66|0x000000070a000000, 0x000000070a000000, 0x000000070a200000|  0%| F|  |TAMS 0x000000070a000000, 0x000000070a000000| Untracked 
|  67|0x000000070a200000, 0x000000070a200000, 0x000000070a400000|  0%| F|  |TAMS 0x000000070a200000, 0x000000070a200000| Untracked 
|  68|0x000000070a400000, 0x000000070a400000, 0x000000070a600000|  0%| F|  |TAMS 0x000000070a400000, 0x000000070a400000| Untracked 
|  69|0x000000070a600000, 0x000000070a600000, 0x000000070a800000|  0%| F|  |TAMS 0x000000070a600000, 0x000000070a600000| Untracked 
|  70|0x000000070a800000, 0x000000070a800000, 0x000000070aa00000|  0%| F|  |TAMS 0x000000070a800000, 0x000000070a800000| Untracked 
|  71|0x000000070aa00000, 0x000000070aa00000, 0x000000070ac00000|  0%| F|  |TAMS 0x000000070aa00000, 0x000000070aa00000| Untracked 
|  72|0x000000070ac00000, 0x000000070ac00000, 0x000000070ae00000|  0%| F|  |TAMS 0x000000070ac00000, 0x000000070ac00000| Untracked 
|  73|0x000000070ae00000, 0x000000070ae00000, 0x000000070b000000|  0%| F|  |TAMS 0x000000070ae00000, 0x000000070ae00000| Untracked 
|  74|0x000000070b000000, 0x000000070b000000, 0x000000070b200000|  0%| F|  |TAMS 0x000000070b000000, 0x000000070b000000| Untracked 
|  75|0x000000070b200000, 0x000000070b200000, 0x000000070b400000|  0%| F|  |TAMS 0x000000070b200000, 0x000000070b200000| Untracked 
|  76|0x000000070b400000, 0x000000070b400000, 0x000000070b600000|  0%| F|  |TAMS 0x000000070b400000, 0x000000070b400000| Untracked 
|  77|0x000000070b600000, 0x000000070b600000, 0x000000070b800000|  0%| F|  |TAMS 0x000000070b600000, 0x000000070b600000| Untracked 
|  78|0x000000070b800000, 0x000000070b800000, 0x000000070ba00000|  0%| F|  |TAMS 0x000000070b800000, 0x000000070b800000| Untracked 
|  79|0x000000070ba00000, 0x000000070ba00000, 0x000000070bc00000|  0%| F|  |TAMS 0x000000070ba00000, 0x000000070ba00000| Untracked 
|  80|0x000000070bc00000, 0x000000070bc00000, 0x000000070be00000|  0%| F|  |TAMS 0x000000070bc00000, 0x000000070bc00000| Untracked 
|  81|0x000000070be00000, 0x000000070be00000, 0x000000070c000000|  0%| F|  |TAMS 0x000000070be00000, 0x000000070be00000| Untracked 
|  82|0x000000070c000000, 0x000000070c000000, 0x000000070c200000|  0%| F|  |TAMS 0x000000070c000000, 0x000000070c000000| Untracked 
|  83|0x000000070c200000, 0x000000070c200000, 0x000000070c400000|  0%| F|  |TAMS 0x000000070c200000, 0x000000070c200000| Untracked 
|  84|0x000000070c400000, 0x000000070c400000, 0x000000070c600000|  0%| F|  |TAMS 0x000000070c400000, 0x000000070c400000| Untracked 
|  85|0x000000070c600000, 0x000000070c600000, 0x000000070c800000|  0%| F|  |TAMS 0x000000070c600000, 0x000000070c600000| Untracked 
|  86|0x000000070c800000, 0x000000070c800000, 0x000000070ca00000|  0%| F|  |TAMS 0x000000070c800000, 0x000000070c800000| Untracked 
|  87|0x000000070ca00000, 0x000000070ca00000, 0x000000070cc00000|  0%| F|  |TAMS 0x000000070ca00000, 0x000000070ca00000| Untracked 
|  88|0x000000070cc00000, 0x000000070cc00000, 0x000000070ce00000|  0%| F|  |TAMS 0x000000070cc00000, 0x000000070cc00000| Untracked 
|  89|0x000000070ce00000, 0x000000070ce00000, 0x000000070d000000|  0%| F|  |TAMS 0x000000070ce00000, 0x000000070ce00000| Untracked 
|  90|0x000000070d000000, 0x000000070d000000, 0x000000070d200000|  0%| F|  |TAMS 0x000000070d000000, 0x000000070d000000| Untracked 
|  91|0x000000070d200000, 0x000000070d200000, 0x000000070d400000|  0%| F|  |TAMS 0x000000070d200000, 0x000000070d200000| Untracked 
|  92|0x000000070d400000, 0x000000070d400000, 0x000000070d600000|  0%| F|  |TAMS 0x000000070d400000, 0x000000070d400000| Untracked 
|  93|0x000000070d600000, 0x000000070d600000, 0x000000070d800000|  0%| F|  |TAMS 0x000000070d600000, 0x000000070d600000| Untracked 
|  94|0x000000070d800000, 0x000000070d800000, 0x000000070da00000|  0%| F|  |TAMS 0x000000070d800000, 0x000000070d800000| Untracked 
|  95|0x000000070da00000, 0x000000070da00000, 0x000000070dc00000|  0%| F|  |TAMS 0x000000070da00000, 0x000000070da00000| Untracked 
|  96|0x000000070dc00000, 0x000000070dc00000, 0x000000070de00000|  0%| F|  |TAMS 0x000000070dc00000, 0x000000070dc00000| Untracked 
|  97|0x000000070de00000, 0x000000070de00000, 0x000000070e000000|  0%| F|  |TAMS 0x000000070de00000, 0x000000070de00000| Untracked 
|  98|0x000000070e000000, 0x000000070e000000, 0x000000070e200000|  0%| F|  |TAMS 0x000000070e000000, 0x000000070e000000| Untracked 
|  99|0x000000070e200000, 0x000000070e200000, 0x000000070e400000|  0%| F|  |TAMS 0x000000070e200000, 0x000000070e200000| Untracked 
| 100|0x000000070e400000, 0x000000070e400000, 0x000000070e600000|  0%| F|  |TAMS 0x000000070e400000, 0x000000070e400000| Untracked 
| 101|0x000000070e600000, 0x000000070e600000, 0x000000070e800000|  0%| F|  |TAMS 0x000000070e600000, 0x000000070e600000| Untracked 
| 102|0x000000070e800000, 0x000000070e800000, 0x000000070ea00000|  0%| F|  |TAMS 0x000000070e800000, 0x000000070e800000| Untracked 
| 103|0x000000070ea00000, 0x000000070ea00000, 0x000000070ec00000|  0%| F|  |TAMS 0x000000070ea00000, 0x000000070ea00000| Untracked 
| 104|0x000000070ec00000, 0x000000070ec00000, 0x000000070ee00000|  0%| F|  |TAMS 0x000000070ec00000, 0x000000070ec00000| Untracked 
| 105|0x000000070ee00000, 0x000000070ee00000, 0x000000070f000000|  0%| F|  |TAMS 0x000000070ee00000, 0x000000070ee00000| Untracked 
| 106|0x000000070f000000, 0x000000070f000000, 0x000000070f200000|  0%| F|  |TAMS 0x000000070f000000, 0x000000070f000000| Untracked 
| 107|0x000000070f200000, 0x000000070f200000, 0x000000070f400000|  0%| F|  |TAMS 0x000000070f200000, 0x000000070f200000| Untracked 
| 108|0x000000070f400000, 0x000000070f400000, 0x000000070f600000|  0%| F|  |TAMS 0x000000070f400000, 0x000000070f400000| Untracked 
| 109|0x000000070f600000, 0x000000070f600000, 0x000000070f800000|  0%| F|  |TAMS 0x000000070f600000, 0x000000070f600000| Untracked 
| 110|0x000000070f800000, 0x000000070f800000, 0x000000070fa00000|  0%| F|  |TAMS 0x000000070f800000, 0x000000070f800000| Untracked 
| 111|0x000000070fa00000, 0x000000070fb054b8, 0x000000070fc00000| 51%| S|CS|TAMS 0x000000070fa00000, 0x000000070fa00000| Complete 
| 112|0x000000070fc00000, 0x000000070fe00000, 0x000000070fe00000|100%| S|CS|TAMS 0x000000070fc00000, 0x000000070fc00000| Complete 
| 113|0x000000070fe00000, 0x000000070fe73420, 0x0000000710000000| 22%| E|  |TAMS 0x000000070fe00000, 0x000000070fe00000| Complete 
| 114|0x0000000710000000, 0x0000000710200000, 0x0000000710200000|100%| E|CS|TAMS 0x0000000710000000, 0x0000000710000000| Complete 
| 115|0x0000000710200000, 0x0000000710400000, 0x0000000710400000|100%| E|CS|TAMS 0x0000000710200000, 0x0000000710200000| Complete 
| 116|0x0000000710400000, 0x0000000710600000, 0x0000000710600000|100%| E|CS|TAMS 0x0000000710400000, 0x0000000710400000| Complete 
| 117|0x0000000710600000, 0x0000000710800000, 0x0000000710800000|100%| E|CS|TAMS 0x0000000710600000, 0x0000000710600000| Complete 
| 118|0x0000000710800000, 0x0000000710a00000, 0x0000000710a00000|100%| E|CS|TAMS 0x0000000710800000, 0x0000000710800000| Complete 
| 119|0x0000000710a00000, 0x0000000710c00000, 0x0000000710c00000|100%| E|CS|TAMS 0x0000000710a00000, 0x0000000710a00000| Complete 
| 120|0x0000000710c00000, 0x0000000710e00000, 0x0000000710e00000|100%| E|CS|TAMS 0x0000000710c00000, 0x0000000710c00000| Complete 
| 121|0x0000000710e00000, 0x0000000711000000, 0x0000000711000000|100%| E|CS|TAMS 0x0000000710e00000, 0x0000000710e00000| Complete 
| 122|0x0000000711000000, 0x0000000711200000, 0x0000000711200000|100%| E|CS|TAMS 0x0000000711000000, 0x0000000711000000| Complete 
| 123|0x0000000711200000, 0x0000000711400000, 0x0000000711400000|100%| E|CS|TAMS 0x0000000711200000, 0x0000000711200000| Complete 
| 124|0x0000000711400000, 0x0000000711600000, 0x0000000711600000|100%| E|CS|TAMS 0x0000000711400000, 0x0000000711400000| Complete 
| 125|0x0000000711600000, 0x0000000711800000, 0x0000000711800000|100%| E|CS|TAMS 0x0000000711600000, 0x0000000711600000| Complete 
| 126|0x0000000711800000, 0x0000000711a00000, 0x0000000711a00000|100%| E|CS|TAMS 0x0000000711800000, 0x0000000711800000| Complete 
| 127|0x0000000711a00000, 0x0000000711c00000, 0x0000000711c00000|100%| E|CS|TAMS 0x0000000711a00000, 0x0000000711a00000| Complete 

Card table byte_map: [0x0000026bb5790000,0x0000026bb5f90000] _byte_map_base: 0x0000026bb1f82000

Marking Bits (Prev, Next): (CMBitMap*) 0x0000026b9e6ba860, (CMBitMap*) 0x0000026b9e6ba8a0
 Prev Bits: [0x0000026bb6790000, 0x0000026bba720000)
 Next Bits: [0x0000026bba720000, 0x0000026bbe6b0000)

Polling page: 0x0000026b9c600000

Metaspace:

Usage:
  Non-class:     17.14 MB used.
      Class:      2.14 MB used.
       Both:     19.28 MB used.

Virtual space:
  Non-class space:       24.00 MB reserved,      17.25 MB ( 72%) committed,  3 nodes.
      Class space:        1.00 GB reserved,       2.31 MB ( <1%) committed,  1 nodes.
             Both:        1.02 GB reserved,      19.56 MB (  2%) committed. 

Chunk freelists:
   Non-Class:  2.78 MB
       Class:  1.68 MB
        Both:  4.47 MB

MaxMetaspaceSize: unlimited
CompressedClassSpaceSize: 1.00 GB
Initial GC threshold: 21.00 MB
Current GC threshold: 21.00 MB
CDS: on
MetaspaceReclaimPolicy: balanced
 - commit_granule_bytes: 65536.
 - commit_granule_words: 8192.
 - virtual_space_node_default_size: 1048576.
 - enlarge_chunks_in_place: 1.
 - new_chunks_are_fully_committed: 0.
 - uncommit_free_chunks: 1.
 - use_allocation_guard: 0.
 - handle_deallocations: 1.


Internal statistics:

num_allocs_failed_limit: 0.
num_arena_births: 172.
num_arena_deaths: 0.
num_vsnodes_births: 4.
num_vsnodes_deaths: 0.
num_space_committed: 313.
num_space_uncommitted: 0.
num_chunks_returned_to_freelist: 0.
num_chunks_taken_from_freelist: 390.
num_chunk_merges: 0.
num_chunk_splits: 238.
num_chunks_enlarged: 151.
num_purges: 0.
num_inconsistent_stats: 0.

CodeHeap 'non-profiled nmethods': size=120000Kb used=1332Kb max_used=1332Kb free=118667Kb
 bounds [0x0000026bad940000, 0x0000026badbb0000, 0x0000026bb4e70000]
CodeHeap 'profiled nmethods': size=120000Kb used=5534Kb max_used=5534Kb free=114465Kb
 bounds [0x0000026ba6410000, 0x0000026ba6980000, 0x0000026bad940000]
CodeHeap 'non-nmethods': size=5760Kb used=1436Kb max_used=1584Kb free=4323Kb
 bounds [0x0000026ba5e70000, 0x0000026ba60e0000, 0x0000026ba6410000]
 total_blobs=3415 nmethods=2702 adapters=624
 compilation: enabled
              stopped_count=0, restarted_count=0
 full_count=0

Compilation events (20 events):
Event: 19.568 Thread 0x0000026bc89b0ab0 nmethod 2673 0x0000026bada85b10 code [0x0000026bada85ca0, 0x0000026bada86928]
Event: 19.568 Thread 0x0000026bc89b0ab0 2678       4       jdk.internal.misc.Unsafe::getLongUnaligned (12 bytes)
Event: 19.569 Thread 0x0000026bc89b0ab0 nmethod 2678 0x0000026bada86c10 code [0x0000026bada86d80, 0x0000026bada86e58]
Event: 19.569 Thread 0x0000026bc89b0ab0 2669       4       sun.security.util.math.intpoly.IntegerPolynomial$MutableElement::setDifference (6 bytes)
Event: 19.574 Thread 0x0000026bc89b0ab0 nmethod 2669 0x0000026bada86f10 code [0x0000026bada870a0, 0x0000026bada875b8]
Event: 19.574 Thread 0x0000026bc89b0ab0 2668       4       sun.security.util.math.intpoly.IntegerPolynomial$MutableElement::setSquare (5 bytes)
Event: 19.575 Thread 0x0000026bc89b0ab0 nmethod 2668 0x0000026bada87890 code [0x0000026bada87a20, 0x0000026bada87b78]
Event: 19.575 Thread 0x0000026bc89b0ab0 2667       4       sun.security.util.math.intpoly.IntegerPolynomial25519::mult (943 bytes)
Event: 19.584 Thread 0x0000026bc1938140 nmethod 2656% 0x0000026bada87c90 code [0x0000026bada87fa0, 0x0000026bada8a880]
Event: 19.585 Thread 0x0000026bc1938140 2659       4       java.lang.Enum::equals (11 bytes)
Event: 19.585 Thread 0x0000026bc1938140 nmethod 2659 0x0000026bada8be10 code [0x0000026bada8bf80, 0x0000026bada8c018]
Event: 19.586 Thread 0x0000026bc89b0ab0 nmethod 2667 0x0000026bada8c110 code [0x0000026bada8c2a0, 0x0000026bada8cf28]
Event: 22.451 Thread 0x0000026bc0f087e0 2702  s    3       javax.swing.RepaintManager::getPaintManager (107 bytes)
Event: 22.451 Thread 0x0000026bc0f087e0 nmethod 2702 0x0000026ba6973c10 code [0x0000026ba6973e40, 0x0000026ba69746b8]
Event: 67.462 Thread 0x0000026bc0f087e0 2703       3       java.net.URL::isBuiltinStreamHandler (32 bytes)
Event: 67.462 Thread 0x0000026bc0f087e0 nmethod 2703 0x0000026ba6974910 code [0x0000026ba6974c00, 0x0000026ba6975d18]
Event: 67.462 Thread 0x0000026bc0f087e0 2704       3       java.net.URL::isBuiltinStreamHandler (8 bytes)
Event: 67.463 Thread 0x0000026bc0f087e0 nmethod 2704 0x0000026ba6976390 code [0x0000026ba6976540, 0x0000026ba6976708]
Event: 112.536 Thread 0x0000026bc0f087e0 2705       3       sun.net.www.ParseUtil::firstEncodeIndex (86 bytes)
Event: 112.537 Thread 0x0000026bc0f087e0 nmethod 2705 0x0000026ba6976810 code [0x0000026ba6976a60, 0x0000026ba6977468]

GC Heap History (4 events):
Event: 0.602 GC heap before
{Heap before GC invocations=0 (full 0):
 garbage-first heap   total 262144K, used 24576K [0x0000000701c00000, 0x0000000800000000)
  region size 2048K, 10 young (20480K), 0 survivors (0K)
 Metaspace       used 8488K, committed 8704K, reserved 1056768K
  class space    used 913K, committed 1024K, reserved 1048576K
}
Event: 0.605 GC heap after
{Heap after GC invocations=1 (full 0):
 garbage-first heap   total 262144K, used 8053K [0x0000000701c00000, 0x0000000800000000)
  region size 2048K, 2 young (4096K), 2 survivors (4096K)
 Metaspace       used 8488K, committed 8704K, reserved 1056768K
  class space    used 913K, committed 1024K, reserved 1048576K
}
Event: 2.509 GC heap before
{Heap before GC invocations=1 (full 0):
 garbage-first heap   total 262144K, used 40821K [0x0000000701c00000, 0x0000000800000000)
  region size 2048K, 15 young (30720K), 2 survivors (4096K)
 Metaspace       used 13768K, committed 14016K, reserved 1064960K
  class space    used 1482K, committed 1600K, reserved 1048576K
}
Event: 2.513 GC heap after
{Heap after GC invocations=2 (full 0):
 garbage-first heap   total 262144K, used 17044K [0x0000000701c00000, 0x0000000800000000)
  region size 2048K, 2 young (4096K), 2 survivors (4096K)
 Metaspace       used 13768K, committed 14016K, reserved 1064960K
  class space    used 1482K, committed 1600K, reserved 1048576K
}

Deoptimization events (20 events):
Event: 9.547 Thread 0x0000026bc24f5500 Uncommon trap: trap_request=0xffffffde fr.pc=0x0000026bad9e9518 relative=0x0000000000000198
Event: 9.547 Thread 0x0000026bc24f5500 Uncommon trap: reason=class_check action=maybe_recompile pc=0x0000026bad9e9518 method=java.lang.String.equals(Ljava/lang/Object;)Z @ 8 c2
Event: 9.547 Thread 0x0000026bc24f5500 DEOPT PACKING pc=0x0000026bad9e9518 sp=0x000000d29c4fc890
Event: 9.547 Thread 0x0000026bc24f5500 DEOPT UNPACKING pc=0x0000026ba5ec23a3 sp=0x000000d29c4fc818 mode 2
Event: 9.739 Thread 0x0000026bc24f5500 Uncommon trap: trap_request=0xffffffde fr.pc=0x0000026bad9e9518 relative=0x0000000000000198
Event: 9.739 Thread 0x0000026bc24f5500 Uncommon trap: reason=class_check action=maybe_recompile pc=0x0000026bad9e9518 method=java.lang.String.equals(Ljava/lang/Object;)Z @ 8 c2
Event: 9.739 Thread 0x0000026bc24f5500 DEOPT PACKING pc=0x0000026bad9e9518 sp=0x000000d29c4fc890
Event: 9.739 Thread 0x0000026bc24f5500 DEOPT UNPACKING pc=0x0000026ba5ec23a3 sp=0x000000d29c4fc818 mode 2
Event: 9.739 Thread 0x0000026bc24f5500 Uncommon trap: trap_request=0xffffffde fr.pc=0x0000026bad9e9518 relative=0x0000000000000198
Event: 9.739 Thread 0x0000026bc24f5500 Uncommon trap: reason=class_check action=maybe_recompile pc=0x0000026bad9e9518 method=java.lang.String.equals(Ljava/lang/Object;)Z @ 8 c2
Event: 9.739 Thread 0x0000026bc24f5500 DEOPT PACKING pc=0x0000026bad9e9518 sp=0x000000d29c4fc890
Event: 9.739 Thread 0x0000026bc24f5500 DEOPT UNPACKING pc=0x0000026ba5ec23a3 sp=0x000000d29c4fc818 mode 2
Event: 19.525 Thread 0x0000026bc24f5500 DEOPT PACKING pc=0x0000026ba67a1a83 sp=0x000000d29c4fd530
Event: 19.525 Thread 0x0000026bc24f5500 DEOPT UNPACKING pc=0x0000026ba5ec2b43 sp=0x000000d29c4fc9f8 mode 0
Event: 19.526 Thread 0x0000026bc24f5500 DEOPT PACKING pc=0x0000026ba67a1a83 sp=0x000000d29c4fd3b0
Event: 19.526 Thread 0x0000026bc24f5500 DEOPT UNPACKING pc=0x0000026ba5ec2b43 sp=0x000000d29c4fc878 mode 0
Event: 19.536 Thread 0x0000026bc24f5500 DEOPT PACKING pc=0x0000026ba67a1a83 sp=0x000000d29c4fd180
Event: 19.536 Thread 0x0000026bc24f5500 DEOPT UNPACKING pc=0x0000026ba5ec2b43 sp=0x000000d29c4fc648 mode 0
Event: 19.544 Thread 0x0000026bc24f5500 DEOPT PACKING pc=0x0000026ba689115f sp=0x000000d29c4fdad0
Event: 19.544 Thread 0x0000026bc24f5500 DEOPT UNPACKING pc=0x0000026ba5ec2b43 sp=0x000000d29c4fcf40 mode 1

Classes unloaded (0 events):
No events

Classes redefined (2 events):
Event: 105.442 Thread 0x0000026bc0ee9050 redefined class name=PokeZoo.bbdd.manager.ManagerEmployee, count=1
Event: 111.040 Thread 0x0000026bc0ee9050 redefined class name=PokeZoo.bbdd.manager.ManagerEmployee, count=2

Internal exceptions (20 events):
Event: 0.449 Thread 0x0000026b9e66a410 Implicit null exception at 0x0000026bad95340f to 0x0000026bad95348d
Event: 0.494 Thread 0x0000026bc24bf020 Exception <a 'java/lang/NoSuchMethodError'{0x0000000710d0e048}: 'java.lang.Object java.lang.invoke.DirectMethodHandle$Holder.newInvokeSpecial(java.lang.Object, java.lang.Object, java.lang.Object, int, int, int, int, int)'> (0x0000000710d0e048) 
thrown [t:\workspace\open\src\hotspot\share\interpreter\linkResolver.cpp, line 766]
Event: 0.775 Thread 0x0000026b9e66a410 Exception <a 'java/lang/NoSuchMethodError'{0x000000071158b288}: 'void java.lang.invoke.DirectMethodHandle$Holder.invokeStaticInit(java.lang.Object)'> (0x000000071158b288) 
thrown [t:\workspace\open\src\hotspot\share\interpreter\linkResolver.cpp, line 766]
Event: 0.850 Thread 0x0000026bc23b5a10 Exception <a 'java/lang/NoSuchMethodError'{0x000000071150e5e8}: 'void java.lang.invoke.DirectMethodHandle$Holder.invokeVirtual(java.lang.Object, java.lang.Object)'> (0x000000071150e5e8) 
thrown [t:\workspace\open\src\hotspot\share\interpreter\linkResolver.cpp, line 766]
Event: 2.412 Thread 0x0000026bc24f5500 Exception <a 'java/lang/NoSuchMethodError'{0x0000000710f95ad0}: 'void java.lang.invoke.DirectMethodHandle$Holder.invokeStatic(java.lang.Object, java.lang.Object, java.lang.Object)'> (0x0000000710f95ad0) 
thrown [t:\workspace\open\src\hotspot\share\interpreter\linkResolver.cpp, line 766]
Event: 2.413 Thread 0x0000026bc24f5500 Exception <a 'java/lang/NoSuchMethodError'{0x0000000710f9fec0}: 'java.lang.Object java.lang.invoke.DirectMethodHandle$Holder.invokeVirtual(java.lang.Object, java.lang.Object, java.lang.Object)'> (0x0000000710f9fec0) 
thrown [t:\workspace\open\src\hotspot\share\interpreter\linkResolver.cpp, line 766]
Event: 2.503 Thread 0x0000026bc24f5500 Exception <a 'java/lang/NoSuchMethodError'{0x000000070ff1e740}: 'void java.lang.invoke.DirectMethodHandle$Holder.invokeStatic(java.lang.Object, java.lang.Object)'> (0x000000070ff1e740) 
thrown [t:\workspace\open\src\hotspot\share\interpreter\linkResolver.cpp, line 766]
Event: 2.529 Thread 0x0000026bc24f5500 Exception <a 'java/lang/NoSuchMethodError'{0x00000007119889e8}: 'void java.lang.invoke.DirectMethodHandle$Holder.invokeStaticInit(java.lang.Object, java.lang.Object)'> (0x00000007119889e8) 
thrown [t:\workspace\open\src\hotspot\share\interpreter\linkResolver.cpp, line 766]
Event: 2.566 Thread 0x0000026bc24f5500 Exception <a 'sun/nio/fs/WindowsException'{0x00000007114dde70}> (0x00000007114dde70) 
thrown [t:\workspace\open\src\hotspot\share\prims\jni.cpp, line 516]
Event: 2.574 Thread 0x0000026bc24f5500 Exception <a 'java/lang/NoSuchMethodError'{0x000000071152f498}: 'int java.lang.invoke.DirectMethodHandle$Holder.invokeStaticInit(java.lang.Object, java.lang.Object, java.lang.Object, java.lang.Object)'> (0x000000071152f498) 
thrown [t:\workspace\open\src\hotspot\share\interpreter\linkResolver.cpp, line 766]
Event: 2.575 Thread 0x0000026bc24f5500 Exception <a 'java/lang/IncompatibleClassChangeError'{0x0000000711538540}: Found class java.lang.Object, but interface was expected> (0x0000000711538540) 
thrown [t:\workspace\open\src\hotspot\share\interpreter\linkResolver.cpp, line 833]
Event: 2.575 Thread 0x0000026bc24f5500 Exception <a 'java/lang/NoSuchMethodError'{0x000000071153ef10}: 'int java.lang.invoke.DirectMethodHandle$Holder.invokeStaticInit(java.lang.Object, java.lang.Object)'> (0x000000071153ef10) 
thrown [t:\workspace\open\src\hotspot\share\interpreter\linkResolver.cpp, line 766]
Event: 2.603 Thread 0x0000026bc24f5500 Exception <a 'java/lang/NoSuchMethodError'{0x00000007113bea90}: 'java.lang.Object java.lang.invoke.DirectMethodHandle$Holder.invokeStaticInit(java.lang.Object, int, int, int, int)'> (0x00000007113bea90) 
thrown [t:\workspace\open\src\hotspot\share\interpreter\linkResolver.cpp, line 766]
Event: 2.624 Thread 0x0000026bc24f5500 Exception <a 'java/lang/NoSuchMethodError'{0x00000007113e0528}: 'java.lang.Object java.lang.invoke.DirectMethodHandle$Holder.invokeStaticInit(java.lang.Object, java.lang.Object, int, int, int, int)'> (0x00000007113e0528) 
thrown [t:\workspace\open\src\hotspot\share\interpreter\linkResolver.cpp, line 766]
Event: 2.751 Thread 0x0000026bc24f5500 Exception <a 'java/io/IOException'{0x00000007109a5568}> (0x00000007109a5568) 
thrown [t:\workspace\open\src\hotspot\share\prims\jni.cpp, line 516]
Event: 2.775 Thread 0x0000026bc24f5500 Exception <a 'java/io/IOException'{0x00000007107e6ae0}> (0x00000007107e6ae0) 
thrown [t:\workspace\open\src\hotspot\share\prims\jni.cpp, line 516]
Event: 4.759 Thread 0x0000026bc24f5500 Exception <a 'java/io/IOException'{0x0000000710230a58}> (0x0000000710230a58) 
thrown [t:\workspace\open\src\hotspot\share\prims\jni.cpp, line 516]
Event: 4.775 Thread 0x0000026bc24f5500 Implicit null exception at 0x0000026bada62cb0 to 0x0000026bada62d12
Event: 4.801 Thread 0x0000026bc24f5500 Exception <a 'java/lang/NoSuchMethodError'{0x00000007103339d8}: 'int java.lang.invoke.DirectMethodHandle$Holder.invokeStatic(java.lang.Object)'> (0x00000007103339d8) 
thrown [t:\workspace\open\src\hotspot\share\interpreter\linkResolver.cpp, line 766]
Event: 19.544 Thread 0x0000026bc24f5500 Exception <a 'java/io/IOException'{0x00000007101f10b0}> (0x00000007101f10b0) 
thrown [t:\workspace\open\src\hotspot\share\prims\jni.cpp, line 516]

VM Operations (20 events):
Event: 111.115 Executing VM operation: get/set locals
Event: 111.115 Executing VM operation: get/set locals done
Event: 111.115 Executing VM operation: get/set locals
Event: 111.115 Executing VM operation: get/set locals done
Event: 111.116 Executing VM operation: get/set locals
Event: 111.116 Executing VM operation: get/set locals done
Event: 111.116 Executing VM operation: get/set locals
Event: 111.116 Executing VM operation: get/set locals done
Event: 111.116 Executing VM operation: get/set locals
Event: 111.116 Executing VM operation: get/set locals done
Event: 111.117 Executing VM operation: get/set locals
Event: 111.117 Executing VM operation: get/set locals done
Event: 122.195 Executing VM operation: ChangeSingleStep
Event: 122.195 Executing VM operation: ChangeSingleStep done
Event: 122.195 Executing VM operation: get/set locals
Event: 122.196 Executing VM operation: get/set locals done
Event: 122.197 Executing VM operation: ChangeSingleStep
Event: 122.197 Executing VM operation: ChangeSingleStep done
Event: 122.212 Executing VM operation: get/set locals
Event: 122.212 Executing VM operation: get/set locals done

Events (20 events):
Event: 9.340 loading class javax/swing/JMenuBar done
Event: 9.340 loading class javax/swing/Popup$HeavyWeightWindow
Event: 9.341 loading class javax/swing/JWindow
Event: 9.341 loading class javax/swing/JWindow done
Event: 9.341 loading class javax/swing/Popup$HeavyWeightWindow done
Event: 9.547 loading class javax/swing/JComponent$ActionStandin
Event: 9.547 loading class javax/swing/JComponent$ActionStandin done
Event: 9.775 Thread 0x0000026bc24bf020 Thread exited: 0x0000026bc24bf020
Event: 9.962 loading class javax/swing/text/GapContent$RemoveUndo
Event: 9.962 loading class javax/swing/text/GapContent$RemoveUndo done
Event: 9.962 loading class javax/swing/text/GapContent$UndoPosRef
Event: 9.963 loading class javax/swing/text/GapContent$UndoPosRef done
Event: 18.379 loading class java/awt/KeyboardFocusManager$2
Event: 18.379 loading class java/awt/KeyboardFocusManager$2 done
Event: 18.379 loading class sun/awt/SunToolkit$1
Event: 18.379 loading class sun/awt/SunToolkit$1 done
Event: 18.387 loading class java/awt/Window$1DisposeAction
Event: 18.387 loading class java/awt/Window$1DisposeAction done
Event: 19.527 Thread 0x0000026bc89b0ab0 Thread added: 0x0000026bc89b0ab0
Event: 22.451 Thread 0x0000026bc89b0ab0 Thread exited: 0x0000026bc89b0ab0


Dynamic libraries:
0x00007ff6b4680000 - 0x00007ff6b4690000 	C:\Program Files\Java\jdk-17\bin\javaw.exe
0x00007ff8a0bf0000 - 0x00007ff8a0e04000 	C:\WINDOWS\SYSTEM32\ntdll.dll
0x00007ff8a0300000 - 0x00007ff8a03c2000 	C:\WINDOWS\System32\KERNEL32.DLL
0x00007ff89e660000 - 0x00007ff89e9fc000 	C:\WINDOWS\System32\KERNELBASE.dll
0x00007ff89e420000 - 0x00007ff89e531000 	C:\WINDOWS\System32\ucrtbase.dll
0x00007ff8965c0000 - 0x00007ff8965d8000 	C:\Program Files\Java\jdk-17\bin\jli.dll
0x00007ff8990d0000 - 0x00007ff8990ea000 	C:\Program Files\Java\jdk-17\bin\VCRUNTIME140.dll
0x00007ff8a0a80000 - 0x00007ff8a0b2e000 	C:\WINDOWS\System32\ADVAPI32.dll
0x00007ff8a0160000 - 0x00007ff8a0207000 	C:\WINDOWS\System32\msvcrt.dll
0x00007ff8a08c0000 - 0x00007ff8a0964000 	C:\WINDOWS\System32\sechost.dll
0x00007ff8a0570000 - 0x00007ff8a0687000 	C:\WINDOWS\System32\RPCRT4.dll
0x00007ff89eff0000 - 0x00007ff89f19b000 	C:\WINDOWS\System32\USER32.dll
0x00007ff89e030000 - 0x00007ff89e056000 	C:\WINDOWS\System32\win32u.dll
0x00007ff88ab70000 - 0x00007ff88adfe000 	C:\WINDOWS\WinSxS\amd64_microsoft.windows.common-controls_6595b64144ccf1df_6.0.22621.608_none_a9444ca7c10bb01d\COMCTL32.dll
0x00007ff8a0a50000 - 0x00007ff8a0a79000 	C:\WINDOWS\System32\GDI32.dll
0x00007ff89e540000 - 0x00007ff89e653000 	C:\WINDOWS\System32\gdi32full.dll
0x00007ff89e060000 - 0x00007ff89e0fa000 	C:\WINDOWS\System32\msvcp_win.dll
0x00007ff898830000 - 0x00007ff89883a000 	C:\WINDOWS\SYSTEM32\VERSION.dll
0x00007ff89ef90000 - 0x00007ff89efc1000 	C:\WINDOWS\System32\IMM32.DLL
0x00007ff8965b0000 - 0x00007ff8965bc000 	C:\Program Files\Java\jdk-17\bin\vcruntime140_1.dll
0x00007ff878b80000 - 0x00007ff878c0d000 	C:\Program Files\Java\jdk-17\bin\msvcp140.dll
0x00007ff83d9a0000 - 0x00007ff83e55e000 	C:\Program Files\Java\jdk-17\bin\server\jvm.dll
0x00007ff8a0150000 - 0x00007ff8a0158000 	C:\WINDOWS\System32\PSAPI.DLL
0x00007ff880d90000 - 0x00007ff880d99000 	C:\WINDOWS\SYSTEM32\WSOCK32.dll
0x00007ff892850000 - 0x00007ff892884000 	C:\WINDOWS\SYSTEM32\WINMM.dll
0x00007ff8a0b30000 - 0x00007ff8a0ba1000 	C:\WINDOWS\System32\WS2_32.dll
0x00007ff89d080000 - 0x00007ff89d098000 	C:\WINDOWS\SYSTEM32\kernel.appcore.dll
0x00007ff87a530000 - 0x00007ff87a53a000 	C:\Program Files\Java\jdk-17\bin\jimage.dll
0x00007ff88d810000 - 0x00007ff88da3e000 	C:\WINDOWS\SYSTEM32\DBGHELP.DLL
0x00007ff89ea80000 - 0x00007ff89ee09000 	C:\WINDOWS\System32\combase.dll
0x00007ff8a0970000 - 0x00007ff8a0a47000 	C:\WINDOWS\System32\OLEAUT32.dll
0x00007ff88d3d0000 - 0x00007ff88d402000 	C:\WINDOWS\SYSTEM32\dbgcore.DLL
0x00007ff89e3a0000 - 0x00007ff89e41b000 	C:\WINDOWS\System32\bcryptPrimitives.dll
0x00007ff87ec90000 - 0x00007ff87eccb000 	C:\Program Files\Java\jdk-17\bin\jdwp.dll
0x00007ff89b1c0000 - 0x00007ff89b1ce000 	C:\Program Files\Java\jdk-17\bin\instrument.dll
0x00007ff878b50000 - 0x00007ff878b75000 	C:\Program Files\Java\jdk-17\bin\java.dll
0x00007ff877ae0000 - 0x00007ff877bb6000 	C:\Program Files\Java\jdk-17\bin\svml.dll
0x00007ff89f2a0000 - 0x00007ff89fa90000 	C:\WINDOWS\System32\SHELL32.dll
0x00007ff89bfc0000 - 0x00007ff89c88d000 	C:\WINDOWS\SYSTEM32\windows.storage.dll
0x00007ff89be80000 - 0x00007ff89bfbe000 	C:\WINDOWS\SYSTEM32\wintypes.dll
0x00007ff89f1a0000 - 0x00007ff89f291000 	C:\WINDOWS\System32\SHCORE.dll
0x00007ff8a0690000 - 0x00007ff8a06ee000 	C:\WINDOWS\System32\shlwapi.dll
0x00007ff89df60000 - 0x00007ff89df81000 	C:\WINDOWS\SYSTEM32\profapi.dll
0x00007ff877f80000 - 0x00007ff877f99000 	C:\Program Files\Java\jdk-17\bin\net.dll
0x00007ff898200000 - 0x00007ff898337000 	C:\WINDOWS\SYSTEM32\WINHTTP.dll
0x00007ff89d4f0000 - 0x00007ff89d559000 	C:\WINDOWS\system32\mswsock.dll
0x00007ff877f60000 - 0x00007ff877f75000 	C:\Program Files\Java\jdk-17\bin\nio.dll
0x00007ff877f40000 - 0x00007ff877f58000 	C:\Program Files\Java\jdk-17\bin\zip.dll
0x00007ff896780000 - 0x00007ff89678c000 	C:\Program Files\Java\jdk-17\bin\dt_socket.dll
0x00007ff89cad0000 - 0x00007ff89cafd000 	C:\WINDOWS\SYSTEM32\IPHLPAPI.DLL
0x00007ff89cb00000 - 0x00007ff89cbf3000 	C:\WINDOWS\SYSTEM32\DNSAPI.dll
0x00007ff89efe0000 - 0x00007ff89efe9000 	C:\WINDOWS\System32\NSI.dll
0x00007ff8963c0000 - 0x00007ff8963ca000 	C:\Windows\System32\rasadhlp.dll
0x00007ff898750000 - 0x00007ff8987d3000 	C:\WINDOWS\System32\fwpuclnt.dll
0x00007ff886ea0000 - 0x00007ff886eb0000 	C:\Program Files\Java\jdk-17\bin\verify.dll
0x00007ff87f630000 - 0x00007ff87f7bf000 	C:\Program Files\Java\jdk-17\bin\awt.dll
0x00007ff89b320000 - 0x00007ff89b3b6000 	C:\WINDOWS\SYSTEM32\apphelp.dll
0x00007ff89bb50000 - 0x00007ff89bb7b000 	C:\WINDOWS\system32\DWMAPI.DLL
0x00007ff89b6e0000 - 0x00007ff89b78b000 	C:\WINDOWS\system32\uxtheme.dll
0x00007ff88cf20000 - 0x00007ff88d020000 	C:\WINDOWS\system32\opengl32.dll
0x00007ff88cd70000 - 0x00007ff88cd9d000 	C:\WINDOWS\SYSTEM32\GLU32.dll
0x00007ff89b8f0000 - 0x00007ff89b926000 	C:\WINDOWS\SYSTEM32\dxcore.dll
0x00007ff8a06f0000 - 0x00007ff8a080e000 	C:\WINDOWS\System32\MSCTF.dll
0x00007ff8a03d0000 - 0x00007ff8a056c000 	C:\WINDOWS\System32\ole32.dll
0x00007ff874f70000 - 0x00007ff874ff9000 	C:\Program Files\Java\jdk-17\bin\freetype.dll
0x00007ff874ec0000 - 0x00007ff874f68000 	C:\Program Files\Java\jdk-17\bin\fontmanager.dll
0x00007ff874e00000 - 0x00007ff874ebe000 	C:\WINDOWS\system32\RICHED20.DLL
0x00007ff878c30000 - 0x00007ff878c49000 	C:\WINDOWS\SYSTEM32\USP10.dll
0x00007ff87f5e0000 - 0x00007ff87f627000 	C:\WINDOWS\SYSTEM32\msls31.dll
0x00007ff8a0810000 - 0x00007ff8a08c0000 	C:\WINDOWS\System32\clbcatq.dll
0x00007ff87c790000 - 0x00007ff87c7ee000 	C:\WINDOWS\system32\dataexchange.dll
0x00007ff894740000 - 0x00007ff8949aa000 	C:\WINDOWS\system32\twinapi.appcore.dll
0x00007ff89a810000 - 0x00007ff89a9c0000 	C:\WINDOWS\SYSTEM32\WindowsCodecs.dll
0x00007ff88bea0000 - 0x00007ff88bfce000 	C:\WINDOWS\SYSTEM32\textinputframework.dll
0x00007ff8999a0000 - 0x00007ff899ad3000 	C:\WINDOWS\SYSTEM32\CoreMessaging.dll
0x00007ff895db0000 - 0x00007ff89611c000 	C:\WINDOWS\SYSTEM32\CoreUIComponents.dll
0x00007ff89d770000 - 0x00007ff89d77c000 	C:\WINDOWS\SYSTEM32\CRYPTBASE.DLL
0x00007ff89d750000 - 0x00007ff89d76b000 	C:\WINDOWS\SYSTEM32\CRYPTSP.dll
0x00007ff89cff0000 - 0x00007ff89d025000 	C:\WINDOWS\system32\rsaenh.dll
0x00007ff89d5f0000 - 0x00007ff89d618000 	C:\WINDOWS\SYSTEM32\USERENV.dll
0x00007ff89d8e0000 - 0x00007ff89d908000 	C:\WINDOWS\SYSTEM32\bcrypt.dll
0x00007ff898730000 - 0x00007ff898749000 	C:\WINDOWS\SYSTEM32\dhcpcsvc6.DLL
0x00007ff898620000 - 0x00007ff89863f000 	C:\WINDOWS\SYSTEM32\dhcpcsvc.DLL
0x00007ff878c20000 - 0x00007ff878c2e000 	C:\Program Files\Java\jdk-17\bin\sunmscapi.dll
0x00007ff89e100000 - 0x00007ff89e266000 	C:\WINDOWS\System32\CRYPT32.dll
0x00007ff89d8b0000 - 0x00007ff89d8de000 	C:\WINDOWS\SYSTEM32\ncrypt.dll
0x00007ff89d870000 - 0x00007ff89d8a7000 	C:\WINDOWS\SYSTEM32\NTASN1.dll

dbghelp: loaded successfully - version: 4.0.5 - missing functions: none
symbol engine: initialized successfully - sym options: 0x614 - pdb path: .;C:\Program Files\Java\jdk-17\bin;C:\WINDOWS\SYSTEM32;C:\WINDOWS\WinSxS\amd64_microsoft.windows.common-controls_6595b64144ccf1df_6.0.22621.608_none_a9444ca7c10bb01d;C:\Program Files\Java\jdk-17\bin\server

VM Arguments:
jvm_args: -XX:+ShowCodeDetailsInExceptionMessages -agentlib:jdwp=transport=dt_socket,suspend=y,address=localhost:52100 -javaagent:C:\Users\in1dw3\eclipse\java-2022-09\eclipse\configuration\org.eclipse.osgi\228\0\.cp\lib\javaagent-shaded.jar -Dfile.encoding=UTF-8 --module-path=C:\Users\in1dw3\git\RETO4_Equipo2_DIJG2\reto4\lib\mysql-connector-java-8.0.25 (1).jar 
java_command: PokeZoo.PokeZoo
java_class_path (initial): C:\Users\in1dw3\git\RETO4_Equipo2_DIJG2\reto4\bin;C:\Users\in1dw3\.p2\pool\plugins\junit-jupiter-api_5.9.0.jar;C:\Users\in1dw3\.p2\pool\plugins\junit-jupiter-engine_5.9.0.jar;C:\Users\in1dw3\.p2\pool\plugins\junit-jupiter-migrationsupport_5.9.0.jar;C:\Users\in1dw3\.p2\pool\plugins\junit-jupiter-params_5.9.0.jar;C:\Users\in1dw3\.p2\pool\plugins\junit-platform-commons_1.9.0.jar;C:\Users\in1dw3\.p2\pool\plugins\junit-platform-engine_1.9.0.jar;C:\Users\in1dw3\.p2\pool\plugins\junit-platform-launcher_1.9.0.jar;C:\Users\in1dw3\.p2\pool\plugins\junit-platform-runner_1.9.0.jar;C:\Users\in1dw3\.p2\pool\plugins\junit-platform-suite-api_1.9.0.jar;C:\Users\in1dw3\.p2\pool\plugins\junit-platform-suite-engine_1.9.0.jar;C:\Users\in1dw3\.p2\pool\plugins\junit-platform-suite-commons_1.9.0.jar;C:\Users\in1dw3\.p2\pool\plugins\junit-vintage-engine_5.9.0.jar;C:\Users\in1dw3\.p2\pool\plugins\org.opentest4j_1.2.0.jar;C:\Users\in1dw3\.p2\pool\plugins\org.apiguardian.api_1.1.2.jar;C:\Users\in1dw3\.p2\pool\plugins\org.junit_4.13.2.v20211018-1956.jar;C:\Users\in1dw3\.p2\pool\plugins\org.hamcrest.core_1.3.0.v20180420-1519.jar
Launcher Type: SUN_STANDARD

[Global flags]
     intx CICompilerCount                          = 3                                         {product} {ergonomic}
     uint ConcGCThreads                            = 2                                         {product} {ergonomic}
     uint G1ConcRefinementThreads                  = 6                                         {product} {ergonomic}
   size_t G1HeapRegionSize                         = 2097152                                   {product} {ergonomic}
    uintx GCDrainStackTargetSize                   = 64                                        {product} {ergonomic}
   size_t InitialHeapSize                          = 268435456                                 {product} {ergonomic}
   size_t MarkStackSize                            = 4194304                                   {product} {ergonomic}
   size_t MaxHeapSize                              = 4265607168                                {product} {ergonomic}
   size_t MaxNewSize                               = 2558525440                                {product} {ergonomic}
   size_t MinHeapDeltaBytes                        = 2097152                                   {product} {ergonomic}
   size_t MinHeapSize                              = 8388608                                   {product} {ergonomic}
    uintx NonNMethodCodeHeapSize                   = 5832780                                {pd product} {ergonomic}
    uintx NonProfiledCodeHeapSize                  = 122912730                              {pd product} {ergonomic}
    uintx ProfiledCodeHeapSize                     = 122912730                              {pd product} {ergonomic}
    uintx ReservedCodeCacheSize                    = 251658240                              {pd product} {ergonomic}
     bool SegmentedCodeCache                       = true                                      {product} {ergonomic}
     bool ShowCodeDetailsInExceptionMessages       = true                                   {manageable} {command line}
   size_t SoftMaxHeapSize                          = 4265607168                             {manageable} {ergonomic}
     bool UseCompressedClassPointers               = true                           {product lp64_product} {ergonomic}
     bool UseCompressedOops                        = true                           {product lp64_product} {ergonomic}
     bool UseG1GC                                  = true                                      {product} {ergonomic}
     bool UseLargePagesIndividualAllocation        = false                                  {pd product} {ergonomic}

Logging:
Log output configuration:
 #0: stdout all=warning uptime,level,tags
 #1: stderr all=off uptime,level,tags

Environment Variables:
PATH=C:\Program Files\Common Files\Oracle\Java\javapath;C:\WINDOWS\system32;C:\WINDOWS;C:\WINDOWS\System32\Wbem;C:\WINDOWS\System32\WindowsPowerShell\v1.0\;C:\WINDOWS\System32\OpenSSH\;C:\Users\in1dw3\AppData\Local\Microsoft\WindowsApps;
USERNAME=in1dw3
OS=Windows_NT
PROCESSOR_IDENTIFIER=Intel64 Family 6 Model 158 Stepping 10, GenuineIntel



---------------  S Y S T E M  ---------------

OS:
 Windows 10 , 64 bit Build 22621 (10.0.22621.1485)
OS uptime: 1 days 5:14 hours

CPU: total 6 (initial active 6) (6 cores per cpu, 1 threads per core) family 6 model 158 stepping 10 microcode 0xde, cx8, cmov, fxsr, mmx, 3dnowpref, sse, sse2, sse3, ssse3, sse4.1, sse4.2, popcnt, lzcnt, tsc, tscinvbit, avx, avx2, aes, erms, clmul, bmi1, bmi2, adx, fma, vzeroupper, clflush, clflushopt

Memory: 4k page, system-wide physical 16268M (7290M free)
TotalPageFile size 17292M (AvailPageFile size 7349M)
current process WorkingSet (physical memory assigned to process): 126M, peak: 200M
current process commit charge ("private bytes"): 377M, peak: 452M

vm_info: Java HotSpot(TM) 64-Bit Server VM (17+35-LTS-2724) for windows-amd64 JRE (17+35-LTS-2724), built on Aug  5 2021 23:28:28 by "mach5one" with MS VC++ 16.8 (VS2019)

END.
